This is pdfTeX, Version 3.14159265-2.6-1.40.21 (MiKTeX 21.1) (preloaded format=pdflatex 2021.2.3)  30 JUN 2021 07:46
entering extended mode
**./report.tex
(report.tex
LaTeX2e <2020-10-01> patch level 4
L3 programming layer <2021-01-09> xparse <2020-03-03>
(C:\Users\Acer\AppData\Local\Programs\MiKTeX\tex/latex/base\article.cls
Document Class: article 2020/04/10 v1.4m Standard LaTeX document class
(C:\Users\Acer\AppData\Local\Programs\MiKTeX\tex/latex/base\fleqn.clo
File: fleqn.clo 2016/12/29 v1.2b Standard LaTeX option (flush left equations)
\mathindent=\skip47
Applying: [2015/01/01] Make \[ robust on input line 50.
LaTeX Info: Redefining \[ on input line 51.
Already applied: [0000/00/00] Make \[ robust on input line 62.
Applying: [2015/01/01] Make \] robust on input line 74.
LaTeX Info: Redefining \] on input line 75.
Already applied: [0000/00/00] Make \] robust on input line 83.
)
(C:\Users\Acer\AppData\Local\Programs\MiKTeX\tex/latex/base\size11.clo
File: size11.clo 2020/04/10 v1.4m Standard LaTeX file (size option)
)
\c@part=\count177
\c@section=\count178
\c@subsection=\count179
\c@subsubsection=\count180
\c@paragraph=\count181
\c@subparagraph=\count182
\c@figure=\count183
\c@table=\count184
\abovecaptionskip=\skip48
\belowcaptionskip=\skip49
\bibindent=\dimen138
)
(../tex_formatting/pck.tex
(C:\Users\Acer\AppData\Local\Programs\MiKTeX\tex/latex/lm\lmodern.sty
Package: lmodern 2009/10/30 v1.6 Latin Modern Fonts
LaTeX Font Info:    Overwriting symbol font `operators' in version `normal'
(Font)                  OT1/cmr/m/n --> OT1/lmr/m/n on input line 22.
LaTeX Font Info:    Overwriting symbol font `letters' in version `normal'
(Font)                  OML/cmm/m/it --> OML/lmm/m/it on input line 23.
LaTeX Font Info:    Overwriting symbol font `symbols' in version `normal'
(Font)                  OMS/cmsy/m/n --> OMS/lmsy/m/n on input line 24.
LaTeX Font Info:    Overwriting symbol font `largesymbols' in version `normal'
(Font)                  OMX/cmex/m/n --> OMX/lmex/m/n on input line 25.
LaTeX Font Info:    Overwriting symbol font `operators' in version `bold'
(Font)                  OT1/cmr/bx/n --> OT1/lmr/bx/n on input line 26.
LaTeX Font Info:    Overwriting symbol font `letters' in version `bold'
(Font)                  OML/cmm/b/it --> OML/lmm/b/it on input line 27.
LaTeX Font Info:    Overwriting symbol font `symbols' in version `bold'
(Font)                  OMS/cmsy/b/n --> OMS/lmsy/b/n on input line 28.
LaTeX Font Info:    Overwriting symbol font `largesymbols' in version `bold'
(Font)                  OMX/cmex/m/n --> OMX/lmex/m/n on input line 29.
LaTeX Font Info:    Overwriting math alphabet `\mathbf' in version `normal'
(Font)                  OT1/cmr/bx/n --> OT1/lmr/bx/n on input line 31.
LaTeX Font Info:    Overwriting math alphabet `\mathsf' in version `normal'
(Font)                  OT1/cmss/m/n --> OT1/lmss/m/n on input line 32.
LaTeX Font Info:    Overwriting math alphabet `\mathit' in version `normal'
(Font)                  OT1/cmr/m/it --> OT1/lmr/m/it on input line 33.
LaTeX Font Info:    Overwriting math alphabet `\mathtt' in version `normal'
(Font)                  OT1/cmtt/m/n --> OT1/lmtt/m/n on input line 34.
LaTeX Font Info:    Overwriting math alphabet `\mathbf' in version `bold'
(Font)                  OT1/cmr/bx/n --> OT1/lmr/bx/n on input line 35.
LaTeX Font Info:    Overwriting math alphabet `\mathsf' in version `bold'
(Font)                  OT1/cmss/bx/n --> OT1/lmss/bx/n on input line 36.
LaTeX Font Info:    Overwriting math alphabet `\mathit' in version `bold'
(Font)                  OT1/cmr/bx/it --> OT1/lmr/bx/it on input line 37.
LaTeX Font Info:    Overwriting math alphabet `\mathtt' in version `bold'
(Font)                  OT1/cmtt/m/n --> OT1/lmtt/m/n on input line 38.
)
(C:\Users\Acer\AppData\Local\Programs\MiKTeX\tex/latex/base\fontenc.sty
Package: fontenc 2020/08/10 v2.0s Standard LaTeX package
LaTeX Font Info:    Trying to load font information for T1+lmr on input line 11
2.

(C:\Users\Acer\AppData\Local\Programs\MiKTeX\tex/latex/lm\t1lmr.fd
File: t1lmr.fd 2009/10/30 v1.6 Font defs for Latin Modern
))
(C:\Users\Acer\AppData\Local\Programs\MiKTeX\tex/latex/base\inputenc.sty
Package: inputenc 2020/08/01 v1.3d Input encoding file
\inpenc@prehook=\toks15
\inpenc@posthook=\toks16
)
(C:\Users\Acer\AppData\Local\Programs\MiKTeX\tex/latex/microtype\microtype.sty
Package: microtype 2020/12/07 v2.8 Micro-typographical refinements (RS)

(C:\Users\Acer\AppData\Local\Programs\MiKTeX\tex/latex/graphics\keyval.sty
Package: keyval 2014/10/28 v1.15 key=value parser (DPC)
\KV@toks@=\toks17
)
\MT@toks=\toks18
\MT@count=\count185
LaTeX Info: Redefining \textls on input line 788.
\MT@outer@kern=\dimen139
LaTeX Info: Redefining \textmicrotypecontext on input line 1358.
\MT@listname@count=\count186

(C:\Users\Acer\AppData\Local\Programs\MiKTeX\tex/latex/microtype\microtype-pdft
ex.def
File: microtype-pdftex.def 2020/12/07 v2.8 Definitions specific to pdftex (RS)
LaTeX Info: Redefining \lsstyle on input line 915.
LaTeX Info: Redefining \lslig on input line 915.
\MT@outer@space=\skip50
)
Package microtype Info: Loading configuration file microtype.cfg.

(C:\Users\Acer\AppData\Local\Programs\MiKTeX\tex/latex/microtype\microtype.cfg
File: microtype.cfg 2020/12/07 v2.8 microtype main configuration file (RS)
))
(C:\Users\Acer\AppData\Local\Programs\MiKTeX\tex/latex/latex-tools\enumerate.st
y
Package: enumerate 2015/07/23 v3.00 enumerate extensions (DPC)
\@enLab=\toks19
) (C:\Users\Acer\AppData\Local\Programs\MiKTeX\tex/latex/amsfonts\amssymb.sty
Package: amssymb 2013/01/14 v3.01 AMS font symbols

(C:\Users\Acer\AppData\Local\Programs\MiKTeX\tex/latex/amsfonts\amsfonts.sty
Package: amsfonts 2013/01/14 v3.01 Basic AMSFonts support
\@emptytoks=\toks20
\symAMSa=\mathgroup4
\symAMSb=\mathgroup5
LaTeX Font Info:    Redeclaring math symbol \hbar on input line 98.
LaTeX Font Info:    Overwriting math alphabet `\mathfrak' in version `bold'
(Font)                  U/euf/m/n --> U/euf/b/n on input line 106.
))
(C:\Users\Acer\AppData\Local\Programs\MiKTeX\tex/latex/amsmath\amsmath.sty
Package: amsmath 2020/09/23 v2.17i AMS math features
\@mathmargin=\skip51

For additional information on amsmath, use the `?' option.
(C:\Users\Acer\AppData\Local\Programs\MiKTeX\tex/latex/amsmath\amstext.sty
Package: amstext 2000/06/29 v2.01 AMS text

(C:\Users\Acer\AppData\Local\Programs\MiKTeX\tex/latex/amsmath\amsgen.sty
File: amsgen.sty 1999/11/30 v2.0 generic functions
\@emptytoks=\toks21
\ex@=\dimen140
))
(C:\Users\Acer\AppData\Local\Programs\MiKTeX\tex/latex/amsmath\amsbsy.sty
Package: amsbsy 1999/11/29 v1.2d Bold Symbols
\pmbraise@=\dimen141
)
(C:\Users\Acer\AppData\Local\Programs\MiKTeX\tex/latex/amsmath\amsopn.sty
Package: amsopn 2016/03/08 v2.02 operator names
)
\inf@bad=\count187
LaTeX Info: Redefining \frac on input line 234.
\uproot@=\count188
\leftroot@=\count189
LaTeX Info: Redefining \overline on input line 399.
\classnum@=\count190
\DOTSCASE@=\count191
LaTeX Info: Redefining \ldots on input line 496.
LaTeX Info: Redefining \dots on input line 499.
LaTeX Info: Redefining \cdots on input line 620.
\Mathstrutbox@=\box47
\strutbox@=\box48
\big@size=\dimen142
LaTeX Font Info:    Redeclaring font encoding OML on input line 743.
LaTeX Font Info:    Redeclaring font encoding OMS on input line 744.
\macc@depth=\count192
\c@MaxMatrixCols=\count193
\dotsspace@=\muskip16
\c@parentequation=\count194
\dspbrk@lvl=\count195
\tag@help=\toks22
\row@=\count196
\column@=\count197
\maxfields@=\count198
\andhelp@=\toks23
\eqnshift@=\dimen143
\alignsep@=\dimen144
\tagshift@=\dimen145
\tagwidth@=\dimen146
\totwidth@=\dimen147
\lineht@=\dimen148
\@envbody=\toks24
\multlinegap=\skip52
\multlinetaggap=\skip53
\mathdisplay@stack=\toks25
LaTeX Info: Redefining \[ on input line 2923.
LaTeX Info: Redefining \] on input line 2924.
)
(C:\Users\Acer\AppData\Local\Programs\MiKTeX\tex/latex/latex-tools\bm.sty
Package: bm 2019/07/24 v1.2d Bold Symbol Support (DPC/FMi)
\symboldoperators=\mathgroup6
\symboldletters=\mathgroup7
\symboldsymbols=\mathgroup8
LaTeX Font Info:    Redeclaring math alphabet \mathbf on input line 141.
LaTeX Info: Redefining \bm on input line 209.
)
(C:\Users\Acer\AppData\Local\Programs\MiKTeX\tex/latex/latex-tools\dcolumn.sty
Package: dcolumn 2014/10/28 v1.06 decimal alignment package (DPC)

(C:\Users\Acer\AppData\Local\Programs\MiKTeX\tex/latex/latex-tools\array.sty
Package: array 2020/10/01 v2.5c Tabular extension package (FMi)
\col@sep=\dimen149
\ar@mcellbox=\box49
\extrarowheight=\dimen150
\NC@list=\toks26
\extratabsurround=\skip54
\backup@length=\skip55
\ar@cellbox=\box50
))
(C:\Users\Acer\AppData\Local\Programs\MiKTeX\tex/latex/graphics\graphicx.sty
Package: graphicx 2020/09/09 v1.2b Enhanced LaTeX Graphics (DPC,SPQR)

(C:\Users\Acer\AppData\Local\Programs\MiKTeX\tex/latex/graphics\graphics.sty
Package: graphics 2020/08/30 v1.4c Standard LaTeX Graphics (DPC,SPQR)

(C:\Users\Acer\AppData\Local\Programs\MiKTeX\tex/latex/graphics\trig.sty
Package: trig 2016/01/03 v1.10 sin cos tan (DPC)
)
(C:\Users\Acer\AppData\Local\Programs\MiKTeX\tex/latex/graphics-cfg\graphics.cf
g
File: graphics.cfg 2016/06/04 v1.11 sample graphics configuration
)
Package graphics Info: Driver file: pdftex.def on input line 105.

(C:\Users\Acer\AppData\Local\Programs\MiKTeX\tex/latex/graphics-def\pdftex.def
File: pdftex.def 2020/10/05 v1.2a Graphics/color driver for pdftex
))
\Gin@req@height=\dimen151
\Gin@req@width=\dimen152
) (C:\Users\Acer\AppData\Local\Programs\MiKTeX\tex/latex/float\float.sty
Package: float 2001/11/08 v1.3d Float enhancements (AL)
\c@float@type=\count199
\float@exts=\toks27
\float@box=\box51
\@float@everytoks=\toks28
\@floatcapt=\box52
)
(C:\Users\Acer\AppData\Local\Programs\MiKTeX\tex/latex/latex-tools\multicol.sty
Package: multicol 2019/12/09 v1.8y multicolumn formatting (FMi)
\c@tracingmulticols=\count266
\mult@box=\box53
\multicol@leftmargin=\dimen153
\c@unbalance=\count267
\c@collectmore=\count268
\doublecol@number=\count269
\multicoltolerance=\count270
\multicolpretolerance=\count271
\full@width=\dimen154
\page@free=\dimen155
\premulticols=\dimen156
\postmulticols=\dimen157
\multicolsep=\skip56
\multicolbaselineskip=\skip57
\partial@page=\box54
\last@line=\box55
\maxbalancingoverflow=\dimen158
\mult@rightbox=\box56
\mult@grightbox=\box57
\mult@gfirstbox=\box58
\mult@firstbox=\box59
\@tempa=\box60
\@tempa=\box61
\@tempa=\box62
\@tempa=\box63
\@tempa=\box64
\@tempa=\box65
\@tempa=\box66
\@tempa=\box67
\@tempa=\box68
\@tempa=\box69
\@tempa=\box70
\@tempa=\box71
\@tempa=\box72
\@tempa=\box73
\@tempa=\box74
\@tempa=\box75
\@tempa=\box76
\@tempa=\box77
\@tempa=\box78
\@tempa=\box79
\@tempa=\box80
\@tempa=\box81
\@tempa=\box82
\@tempa=\box83
\@tempa=\box84
\@tempa=\box85
\@tempa=\box86
\@tempa=\box87
\@tempa=\box88
\@tempa=\box89
\@tempa=\box90
\@tempa=\box91
\@tempa=\box92
\@tempa=\box93
\@tempa=\box94
\@tempa=\box95
\@tempa=\box96
\c@minrows=\count272
\c@columnbadness=\count273
\c@finalcolumnbadness=\count274
\last@try=\dimen159
\multicolovershoot=\dimen160
\multicolundershoot=\dimen161
\mult@nat@firstbox=\box97
\colbreak@box=\box98
\mc@col@check@num=\count275
) (C:\Users\Acer\AppData\Local\Programs\MiKTeX\tex/latex/multirow\multirow.sty
Package: multirow 2021/01/29 v2.7 Span multiple rows of a table
\multirow@colwidth=\skip58
\multirow@cntb=\count276
\multirow@dima=\skip59
\bigstrutjot=\dimen162
) (C:\Users\Acer\AppData\Local\Programs\MiKTeX\tex/latex/xcolor\xcolor.sty
Package: xcolor 2016/05/11 v2.12 LaTeX color extensions (UK)

(C:\Users\Acer\AppData\Local\Programs\MiKTeX\tex/latex/graphics-cfg\color.cfg
File: color.cfg 2016/01/02 v1.6 sample color configuration
)
Package xcolor Info: Driver file: pdftex.def on input line 225.
Package xcolor Info: Model `cmy' substituted by `cmy0' on input line 1348.
Package xcolor Info: Model `hsb' substituted by `rgb' on input line 1352.
Package xcolor Info: Model `RGB' extended on input line 1364.
Package xcolor Info: Model `HTML' substituted by `rgb' on input line 1366.
Package xcolor Info: Model `Hsb' substituted by `hsb' on input line 1367.
Package xcolor Info: Model `tHsb' substituted by `hsb' on input line 1368.
Package xcolor Info: Model `HSB' substituted by `hsb' on input line 1369.
Package xcolor Info: Model `Gray' substituted by `gray' on input line 1370.
Package xcolor Info: Model `wave' substituted by `hsb' on input line 1371.
) (C:\Users\Acer\AppData\Local\Programs\MiKTeX\tex/latex/subfigure\subfigure.st
y
Package: subfigure 2002/07/30 v2.1.4 subfigure package
\subfigtopskip=\skip60
\subfigcapskip=\skip61
\subfigcaptopadj=\dimen163
\subfigbottomskip=\skip62
\subfigcapmargin=\dimen164
\subfiglabelskip=\skip63
\c@subfigure=\count277
\c@lofdepth=\count278
\c@subtable=\count279
\c@lotdepth=\count280
****************************************
* Local config file subfigure.cfg used *
****************************************
(C:\Users\Acer\AppData\Local\Programs\MiKTeX\tex/latex/subfigure\subfigure.cfg)
\subfig@top=\skip64
\subfig@bottom=\skip65
) (C:\Users\Acer\AppData\Local\Programs\MiKTeX\tex/latex/wrapfig\wrapfig.sty
\wrapoverhang=\dimen165
\WF@size=\dimen166
\c@WF@wrappedlines=\count281
\WF@box=\box99
\WF@everypar=\toks29
Package: wrapfig 2003/01/31  v 3.6
)
(C:\Users\Acer\AppData\Local\Programs\MiKTeX\tex/latex/placeins\placeins.sty
Package: placeins 2005/04/18  v 2.2
)
(C:\Users\Acer\AppData\Local\Programs\MiKTeX\tex/latex/natbib\natbib.sty
Package: natbib 2010/09/13 8.31b (PWD, AO)
\bibhang=\skip66
\bibsep=\skip67
LaTeX Info: Redefining \cite on input line 694.
\c@NAT@ctr=\count282
)
(C:\Users\Acer\AppData\Local\Programs\MiKTeX\tex/latex/bbm\bbm.sty
Package: bbm 1999/03/15 V 1.2 provides fonts for set symbols - TH
LaTeX Font Info:    Overwriting math alphabet `\mathbbm' in version `bold'
(Font)                  U/bbm/m/n --> U/bbm/bx/n on input line 33.
LaTeX Font Info:    Overwriting math alphabet `\mathbbmss' in version `bold'
(Font)                  U/bbmss/m/n --> U/bbmss/bx/n on input line 35.
)
(C:\Users\Acer\AppData\Local\Programs\MiKTeX\tex/latex/fancyhdr\fancyhdr.sty
Package: fancyhdr 2021/01/28 v4.0.1 Extensive control of page headers and foote
rs
\f@nch@headwidth=\skip68
\f@nch@O@elh=\skip69
\f@nch@O@erh=\skip70
\f@nch@O@olh=\skip71
\f@nch@O@orh=\skip72
\f@nch@O@elf=\skip73
\f@nch@O@erf=\skip74
\f@nch@O@olf=\skip75
\f@nch@O@orf=\skip76
)
(C:\Users\Acer\AppData\Local\Programs\MiKTeX\tex/latex/lastpage\lastpage.sty
Package: lastpage 2015/03/29 v1.2m Refers to last page's name (HMM; JPG)
)
(C:\Users\Acer\AppData\Local\Programs\MiKTeX\tex/latex/epstopdf-pkg\epstopdf.st
y
Package: epstopdf 2020-01-24 v2.11 Conversion with epstopdf on the fly (HO)

(C:\Users\Acer\AppData\Local\Programs\MiKTeX\tex/generic/infwarerr\infwarerr.st
y
Package: infwarerr 2019/12/03 v1.5 Providing info/warning/error messages (HO)
) (C:\Users\Acer\AppData\Local\Programs\MiKTeX\tex/latex/grfext\grfext.sty
Package: grfext 2019/12/03 v1.3 Manage graphics extensions (HO)

(C:\Users\Acer\AppData\Local\Programs\MiKTeX\tex/generic/kvdefinekeys\kvdefinek
eys.sty
Package: kvdefinekeys 2019-12-19 v1.6 Define keys (HO)
))
(C:\Users\Acer\AppData\Local\Programs\MiKTeX\tex/latex/kvoptions\kvoptions.sty
Package: kvoptions 2020-10-07 v3.14 Key value format for package options (HO)

(C:\Users\Acer\AppData\Local\Programs\MiKTeX\tex/generic/ltxcmds\ltxcmds.sty
Package: ltxcmds 2020-05-10 v1.25 LaTeX kernel commands for general use (HO)
)
(C:\Users\Acer\AppData\Local\Programs\MiKTeX\tex/generic/kvsetkeys\kvsetkeys.st
y
Package: kvsetkeys 2019/12/15 v1.18 Key value parser (HO)
))
(C:\Users\Acer\AppData\Local\Programs\MiKTeX\tex/generic/pdftexcmds\pdftexcmds.
sty
Package: pdftexcmds 2020-06-27 v0.33 Utility functions of pdfTeX for LuaTeX (HO
)
 (C:\Users\Acer\AppData\Local\Programs\MiKTeX\tex/generic/iftex\iftex.sty
Package: iftex 2020/03/06 v1.0d TeX engine tests
)
Package pdftexcmds Info: \pdf@primitive is available.
Package pdftexcmds Info: \pdf@ifprimitive is available.
Package pdftexcmds Info: \pdfdraftmode found.
)
(C:\Users\Acer\AppData\Local\Programs\MiKTeX\tex/latex/epstopdf-pkg\epstopdf-ba
se.sty
Package: epstopdf-base 2020-01-24 v2.11 Base part for package epstopdf
Package epstopdf-base Info: Redefining graphics rule for `.eps' on input line 4
85.
Package grfext Info: Graphics extension search list:
(grfext)             [.pdf,.png,.jpg,.mps,.jpeg,.jbig2,.jb2,.PDF,.PNG,.JPG,.JPE
G,.JBIG2,.JB2,.eps]
(grfext)             \AppendGraphicsExtensions on input line 504.
))
(C:\Users\Acer\AppData\Local\Programs\MiKTeX\tex/latex/pst-sigsys\pst-sigsys.st
y (C:\Users\Acer\AppData\Local\Programs\MiKTeX\tex/latex/pstricks\pstricks.sty
Package: pstricks 2020/06/11 v0.70 LaTeX wrapper for `PSTricks' (RN,HV)

(C:\Users\Acer\AppData\Local\Programs\MiKTeX\tex/generic/xkeyval\pst-xkey.tex
File: pst-xkey.tex 2005/11/25 v1.6 PSTricks specialization of xkeyval (HA)

(C:\Users\Acer\AppData\Local\Programs\MiKTeX\tex/latex/xkeyval\xkeyval.sty
Package: xkeyval 2020/11/20 v2.8 package option processing (HA)

(C:\Users\Acer\AppData\Local\Programs\MiKTeX\tex/generic/xkeyval\xkeyval.tex
(C:\Users\Acer\AppData\Local\Programs\MiKTeX\tex/generic/xkeyval\xkvutils.tex
\XKV@toks=\toks30
\XKV@tempa@toks=\toks31
)
\XKV@depth=\count283
File: xkeyval.tex 2014/12/03 v2.7a key=value parser (HA)
)))
(C:\Users\Acer\AppData\Local\Programs\MiKTeX\tex/generic/pstricks\pstricks.tex
(C:\Users\Acer\AppData\Local\Programs\MiKTeX\tex/generic/pstricks\pst-fp.tex
`pst-fp' v0.05, 2010/01/17 (hv)
\pstFP@xs=\count284
\pstFP@xia=\count285
\pstFP@xib=\count286
\pstFP@xfa=\count287
\pstFP@xfb=\count288
\pstFP@rega=\count289
\pstFP@regb=\count290
\pstFP@regs=\count291
\pstFP@times=\count292
)
(C:\Users\Acer\AppData\Local\Programs\MiKTeX\tex/generic/pgf/utilities\pgfutil-
common.tex
\pgfutil@everybye=\toks32
\pgfutil@tempdima=\dimen167
\pgfutil@tempdimb=\dimen168

(C:\Users\Acer\AppData\Local\Programs\MiKTeX\tex/generic/pgf/utilities\pgfutil-
common-lists.tex))
(C:\Users\Acer\AppData\Local\Programs\MiKTeX\tex/generic/pgf/utilities\pgfkeys.
code.tex
\pgfkeys@pathtoks=\toks33
\pgfkeys@temptoks=\toks34

(C:\Users\Acer\AppData\Local\Programs\MiKTeX\tex/generic/pgf/utilities\pgfkeysf
iltered.code.tex
\pgfkeys@tmptoks=\toks35
))
(C:\Users\Acer\AppData\Local\Programs\MiKTeX\tex/generic/pgf/utilities\pgffor.c
ode.tex
Loading pgffor.code.tex

(C:\Users\Acer\AppData\Local\Programs\MiKTeX\tex/generic/pgf/math\pgfmath.code.
tex
(C:\Users\Acer\AppData\Local\Programs\MiKTeX\tex/generic/pgf/math\pgfmathcalc.c
ode.tex
(C:\Users\Acer\AppData\Local\Programs\MiKTeX\tex/generic/pgf/math\pgfmathutil.c
ode.tex
\pgf@x=\dimen169
\pgf@xa=\dimen170
\pgf@xb=\dimen171
\pgf@xc=\dimen172
\pgf@y=\dimen173
\pgf@ya=\dimen174
\pgf@yb=\dimen175
\pgf@yc=\dimen176
\c@pgf@counta=\count293
\c@pgf@countb=\count294
\c@pgf@countc=\count295
\c@pgf@countd=\count296
\pgfutil@tempcnta=\count297
\pgfutil@tempcntb=\count298
)
(C:\Users\Acer\AppData\Local\Programs\MiKTeX\tex/generic/pgf/math\pgfmathparser
.code.tex
\pgfmath@dimen=\dimen177
\pgfmath@count=\count299
\pgfmath@box=\box100
\pgfmath@toks=\toks36
\pgfmath@stack@operand=\toks37
\pgfmath@stack@operation=\toks38
)
(C:\Users\Acer\AppData\Local\Programs\MiKTeX\tex/generic/pgf/math\pgfmathfuncti
ons.code.tex
(C:\Users\Acer\AppData\Local\Programs\MiKTeX\tex/generic/pgf/math\pgfmathfuncti
ons.basic.code.tex)
(C:\Users\Acer\AppData\Local\Programs\MiKTeX\tex/generic/pgf/math\pgfmathfuncti
ons.trigonometric.code.tex)
(C:\Users\Acer\AppData\Local\Programs\MiKTeX\tex/generic/pgf/math\pgfmathfuncti
ons.random.code.tex)
(C:\Users\Acer\AppData\Local\Programs\MiKTeX\tex/generic/pgf/math\pgfmathfuncti
ons.comparison.code.tex)
(C:\Users\Acer\AppData\Local\Programs\MiKTeX\tex/generic/pgf/math\pgfmathfuncti
ons.base.code.tex)
(C:\Users\Acer\AppData\Local\Programs\MiKTeX\tex/generic/pgf/math\pgfmathfuncti
ons.round.code.tex)
(C:\Users\Acer\AppData\Local\Programs\MiKTeX\tex/generic/pgf/math\pgfmathfuncti
ons.misc.code.tex)
(C:\Users\Acer\AppData\Local\Programs\MiKTeX\tex/generic/pgf/math\pgfmathfuncti
ons.integerarithmetics.code.tex)))
(C:\Users\Acer\AppData\Local\Programs\MiKTeX\tex/generic/pgf/math\pgfmathfloat.
code.tex
\c@pgfmathroundto@lastzeros=\count300
))
\pgffor@iter=\dimen178
\pgffor@skip=\dimen179
\pgffor@stack=\toks39
\pgffor@toks=\toks40
)
\psLoopIndex=\count301

`PSTricks' v3.01  <2020/09/18> (tvz,hv)
\pst@dima=\dimen180
\pst@dimb=\dimen181
\pst@dimc=\dimen182
\pst@dimd=\dimen183
\pst@dimg=\dimen184
\pst@dimh=\dimen185
\pst@dimm=\dimen186
\pst@dimn=\dimen187
\pst@dimo=\dimen188
\pst@dimp=\dimen189
\pst@hbox=\box101
\pst@ibox=\box102
\pst@boxg=\box103
\pst@cnta=\count302
\pst@cntb=\count303
\pst@cntc=\count304
\pst@cntd=\count305
\pst@cntg=\count306
\pst@cnth=\count307
\pst@cntm=\count308
\pst@cntn=\count309
\pst@cnto=\count310
\pst@cntp=\count311
\@zero=\count312
\pst@toks=\toks41
(C:\Users\Acer\AppData\Local\Programs\MiKTeX\tex/generic/pstricks\pstricks.con)
\psunit=\dimen190
\psxunit=\dimen191
\psyunit=\dimen192
\pst@C@@rType=\count313
\pslinewidth=\dimen193
\psk@startLW=\dimen194
\psk@endLW=\dimen195
\pst@customdefs=\toks42
\pslinearc=\dimen196
\pst@symbolStep=\dimen197
\pst@symbolWidth=\dimen198
\pst@symbolLinewidth=\dimen199
\everypsbox=\toks43
\psframesep=\dimen256
\pslabelsep=\dimen257
\sh@wgridXunit=\dimen258
\sh@wgridYunit=\dimen259
\pst@shift=\dimen260
)
File: pstricks.tex 2020/09/18 v3.01 `PSTricks' (tvz,hv)
 (C:\Users\Acer\AppData\Local\Programs\MiKTeX\tex/generic/pstricks\pst-fp.tex)
File: pst-fp.tex 2020/09/18 v3.01 `PST-fp' (hv)
)
Package: pst-sigsys 2011/03/07 package wrapper for pst-sigsys.tex (fd)

(C:\Users\Acer\AppData\Local\Programs\MiKTeX\tex/generic/pst-sigsys\pst-sigsys.
tex
(C:\Users\Acer\AppData\Local\Programs\MiKTeX\tex/generic/pst-node\pst-node.tex
 v1.42a, 2020/04/01
\psrow=\count314
\pscol=\count315
\psmatrixcnt=\count316
\psrowsep=\skip77
\pscolsep=\skip78
\pst@args=\count317
\num@pts=\count318
\pst@argcnt=\count319
) `PST-SigSys' v1.4, 2011/03/07 (fd)
\ss@ticklength=\dimen261
\ss@signalsep=\dimen262
\ss@zerowidth=\dimen263
\ss@zeroradius=\dimen264
\ss@zeroradiusinc=\dimen265
\ss@polewidth=\dimen266
\ss@polelength=\dimen267
\ss@oplength=\dimen268
\ss@opwidth=\dimen269
\ss@opsep=\dimen270
\ss@ldotssep=\dimen271
\ss@ldotssize=\dimen272
\ss@aoffset=\dimen273
\ss@knoblength=\dimen274
\ss@knobwidth=\dimen275
\ss@temp@dimA=\dimen276
\ss@temp@dimB=\dimen277
\ss@temp@dimC=\dimen278
\ss@temp@cnt=\count320
\ss@calc@dim=\dimen279
\ss@if@dimA=\dimen280
\ss@if@dimB=\dimen281
)
File: pst-sigsys.tex 2011/03/07 v1.4 `PST-sigsys' (fd)
)
(C:\Users\Acer\AppData\Local\Programs\MiKTeX\tex/latex/psfrag\psfrag.sty
Package: psfrag 1998/04/11 v3.04 PSfrag (MCG)
\pfg@pcount=\count321
\pfg@scount=\count322
\pfg@temp=\write3
)
(C:\Users\Acer\AppData\Local\Programs\MiKTeX\tex/latex/algorithms\algorithm.sty
Package: algorithm 2009/08/24 v0.1 Document Style `algorithm' - floating enviro
nment
(C:\Users\Acer\AppData\Local\Programs\MiKTeX\tex/latex/base\ifthen.sty
Package: ifthen 2014/09/29 v1.1c Standard LaTeX ifthen package (DPC)
)
\@float@every@algorithm=\toks44
\c@algorithm=\count323
)
(C:\Users\Acer\AppData\Local\Programs\MiKTeX\tex/latex/algorithmicx\algpseudoco
de.sty
Package: algpseudocode 

(C:\Users\Acer\AppData\Local\Programs\MiKTeX\tex/latex/algorithmicx\algorithmic
x.sty
Package: algorithmicx 2005/04/27 v1.2 Algorithmicx

Document Style algorithmicx 1.2 - a greatly improved `algorithmic' style
\c@ALG@line=\count324
\c@ALG@rem=\count325
\c@ALG@nested=\count326
\ALG@tlm=\skip79
\ALG@thistlm=\skip80
\c@ALG@Lnr=\count327
\c@ALG@blocknr=\count328
\c@ALG@storecount=\count329
\c@ALG@tmpcounter=\count330
\ALG@tmplength=\skip81
)
Document Style - pseudocode environments for use with the `algorithmicx' style
) (C:\Users\Acer\AppData\Local\Programs\MiKTeX\tex/latex/caption\caption.sty
Package: caption 2020/10/26 v3.5g Customizing captions (AR)

(C:\Users\Acer\AppData\Local\Programs\MiKTeX\tex/latex/caption\caption3.sty
Package: caption3 2020/10/21 v2.2e caption3 kernel (AR)
\captionmargin=\dimen282
\captionmargin@=\dimen283
\captionwidth=\dimen284
\caption@tempdima=\dimen285
\caption@indent=\dimen286
\caption@parindent=\dimen287
\caption@hangindent=\dimen288
Package caption Info: Standard document class detected.
)
\c@caption@flags=\count331
\c@continuedfloat=\count332
Package caption Info: float package is loaded.
Package caption Info: subfigure package is loaded.
Package caption Info: wrapfig package is loaded.
)
(C:\Users\Acer\AppData\Local\Programs\MiKTeX\tex/latex/siunitx\siunitx.sty
(C:\Users\Acer\AppData\Local\Programs\MiKTeX\tex/latex/l3kernel\expl3.sty
Package: expl3 2021-01-09 L3 programming layer (loader) 

(C:\Users\Acer\AppData\Local\Programs\MiKTeX\tex/latex/l3backend\l3backend-pdft
ex.def
File: l3backend-pdftex.def 2021-01-09 L3 backend support: PDF output (pdfTeX)
\l__kernel_color_stack_int=\count333
\l__pdf_internal_box=\box104
))
(C:\Users\Acer\AppData\Local\Programs\MiKTeX\tex/latex/l3packages/xparse\xparse
.sty
Package: xparse 2020-10-27 L3 Experimental document command parser

(C:\Users\Acer\AppData\Local\Programs\MiKTeX\tex/latex/l3packages/xparse\xparse
-generic.tex))
Package: siunitx 2020/02/25 v2.8b A comprehensive (SI) units package

(C:\Users\Acer\AppData\Local\Programs\MiKTeX\tex/latex/l3packages/l3keys2e\l3ke
ys2e.sty
Package: l3keys2e 2020-10-27 LaTeX2e option processing using LaTeX3 keys
)
\l__siunitx_tmp_box=\box105
\l__siunitx_tmp_dim=\dimen289
\l__siunitx_tmp_int=\count334
\l__siunitx_number_mantissa_length_int=\count335
\l__siunitx_number_uncert_length_int=\count336
\l__siunitx_round_int=\count337
\l__siunitx_process_decimal_int=\count338
\l__siunitx_process_uncertainty_int=\count339
\l__siunitx_process_fixed_int=\count340
\l__siunitx_process_integer_min_int=\count341
\l__siunitx_process_precision_int=\count342
\l__siunitx_group_min_int=\count343
\l__siunitx_angle_marker_box=\box106
\l__siunitx_angle_unit_box=\box107
\l__siunitx_angle_marker_dim=\dimen290
\l__siunitx_angle_unit_dim=\dimen291
\l__siunitx_unit_int=\count344
\l__siunitx_unit_denominator_int=\count345
\l__siunitx_unit_numerator_int=\count346
\l__siunitx_unit_prefix_int=\count347
\l__siunitx_unit_prefix_base_int=\count348
\l__siunitx_unit_prefix_gram_int=\count349
\l__siunitx_number_product_int=\count350
\c__siunitx_one_fill_skip=\skip82
\l__siunitx_table_unit_align_skip=\skip83
\l__siunitx_table_exponent_dim=\dimen292
\l__siunitx_table_integer_dim=\dimen293
\l__siunitx_table_mantissa_dim=\dimen294
\l__siunitx_table_marker_dim=\dimen295
\l__siunitx_table_result_dim=\dimen296
\l__siunitx_table_uncert_dim=\dimen297
\l__siunitx_table_fill_pre_dim=\dimen298
\l__siunitx_table_fill_post_dim=\dimen299
\l__siunitx_table_fill_mid_dim=\dimen300
\l__siunitx_table_pre_box=\box108
\l__siunitx_table_post_box=\box109
\l__siunitx_table_mantissa_box=\box110
\l__siunitx_table_result_box=\box111
\l__siunitx_table_number_align_skip=\skip84
\l__siunitx_table_text_align_skip=\skip85

(C:\Users\Acer\AppData\Local\Programs\MiKTeX\tex/latex/translator\translator.st
y
Package: translator 2020-08-03 v1.12c Easy translation of strings in LaTeX
))) (mcode.sty
-- Package: `mcode' 2.0 <2011/03/15> --
Package: mcode 2011/03/15 2.0
 - settings optimized for display (colour formating)
(C:\Users\Acer\AppData\Local\Programs\MiKTeX\tex/latex/listings\listings.sty
\lst@mode=\count351
\lst@gtempboxa=\box112
\lst@token=\toks45
\lst@length=\count352
\lst@currlwidth=\dimen301
\lst@column=\count353
\lst@pos=\count354
\lst@lostspace=\dimen302
\lst@width=\dimen303
\lst@newlines=\count355
\lst@lineno=\count356
\lst@maxwidth=\dimen304

(C:\Users\Acer\AppData\Local\Programs\MiKTeX\tex/latex/listings\lstmisc.sty
File: lstmisc.sty 2020/03/24 1.8d (Carsten Heinz)
\c@lstnumber=\count357
\lst@skipnumbers=\count358
\lst@framebox=\box113
)
(C:\Users\Acer\AppData\Local\Programs\MiKTeX\tex/latex/listings\listings.cfg
File: listings.cfg 2020/03/24 1.8d listings configuration
))
Package: listings 2020/03/24 1.8d (Carsten Heinz)
) (C:\Users\Acer\AppData\Local\Programs\MiKTeX\tex/latex/geometry\geometry.sty
Package: geometry 2020/01/02 v5.9 Page Geometry

(C:\Users\Acer\AppData\Local\Programs\MiKTeX\tex/generic/iftex\ifvtex.sty
Package: ifvtex 2019/10/25 v1.7 ifvtex legacy package. Use iftex instead.
)
\Gm@cnth=\count359
\Gm@cntv=\count360
\c@Gm@tempcnt=\count361
\Gm@bindingoffset=\dimen305
\Gm@wd@mp=\dimen306
\Gm@odd@mp=\dimen307
\Gm@even@mp=\dimen308
\Gm@layoutwidth=\dimen309
\Gm@layoutheight=\dimen310
\Gm@layouthoffset=\dimen311
\Gm@layoutvoffset=\dimen312
\Gm@dimlist=\toks46

(C:\Users\Acer\AppData\Local\Programs\MiKTeX\tex/latex/geometry\geometry.cfg))
(C:\Users\Acer\AppData\Local\Programs\MiKTeX\tex/generic/soul\soul.sty
Package: soul 2003/11/17 v2.4 letterspacing/underlining (mf)
\SOUL@word=\toks47
\SOUL@lasttoken=\toks48
\SOUL@cmds=\toks49
\SOUL@buffer=\toks50
\SOUL@token=\toks51
\SOUL@spaceskip=\skip86
\SOUL@ttwidth=\dimen313
\SOUL@uldp=\dimen314
\SOUL@ulht=\dimen315
)
(../tex_formatting/cmd.tex) (../tex_formatting/tikz_pck_tar.tex
(C:\Users\Acer\AppData\Local\Programs\MiKTeX\tex/latex/etex-pkg\etex.sty
Package: etex 2016/08/01 v2.7 eTeX basic definition package (PEB,DPC)


Package etex Warning: Extended allocation already in use.
(etex)                etex.sty code will not be used.
(etex)                To force etex package to load, add
(etex)                \RequirePackage{etex}
(etex)                at the start of the document.

)
(C:\Users\Acer\AppData\Local\Programs\MiKTeX\tex/latex/pgf/frontendlayer\tikz.s
ty
(C:\Users\Acer\AppData\Local\Programs\MiKTeX\tex/latex/pgf/basiclayer\pgf.sty
(C:\Users\Acer\AppData\Local\Programs\MiKTeX\tex/latex/pgf/utilities\pgfrcs.sty

(C:\Users\Acer\AppData\Local\Programs\MiKTeX\tex/generic/pgf/utilities\pgfutil-
common.tex
\pgfutil@everybye=\toks52
\pgfutil@tempdima=\dimen316
\pgfutil@tempdimb=\dimen317

(C:\Users\Acer\AppData\Local\Programs\MiKTeX\tex/generic/pgf/utilities\pgfutil-
common-lists.tex))
(C:\Users\Acer\AppData\Local\Programs\MiKTeX\tex/generic/pgf/utilities\pgfutil-
latex.def
\pgfutil@abb=\box114
)
(C:\Users\Acer\AppData\Local\Programs\MiKTeX\tex/generic/pgf/utilities\pgfrcs.c
ode.tex
(C:\Users\Acer\AppData\Local\Programs\MiKTeX\tex/generic/pgf\pgf.revision.tex)
Package: pgfrcs 2020/12/27 v3.1.8b (3.1.8b)
))
Package: pgf 2020/12/27 v3.1.8b (3.1.8b)

(C:\Users\Acer\AppData\Local\Programs\MiKTeX\tex/latex/pgf/basiclayer\pgfcore.s
ty
(C:\Users\Acer\AppData\Local\Programs\MiKTeX\tex/latex/pgf/systemlayer\pgfsys.s
ty
(C:\Users\Acer\AppData\Local\Programs\MiKTeX\tex/generic/pgf/systemlayer\pgfsys
.code.tex
Package: pgfsys 2020/12/27 v3.1.8b (3.1.8b)

(C:\Users\Acer\AppData\Local\Programs\MiKTeX\tex/generic/pgf/utilities\pgfkeys.
code.tex)
\pgf@x=\dimen318
\pgf@y=\dimen319
\pgf@xa=\dimen320
\pgf@ya=\dimen321
\pgf@xb=\dimen322
\pgf@yb=\dimen323
\pgf@xc=\dimen324
\pgf@yc=\dimen325
\pgf@xd=\dimen326
\pgf@yd=\dimen327
\w@pgf@writea=\write4
\r@pgf@reada=\read2
\c@pgf@counta=\count362
\c@pgf@countb=\count363
\c@pgf@countc=\count364
\c@pgf@countd=\count365
\t@pgf@toka=\toks53
\t@pgf@tokb=\toks54
\t@pgf@tokc=\toks55
\pgf@sys@id@count=\count366

(C:\Users\Acer\AppData\Local\Programs\MiKTeX\tex/generic/pgf/systemlayer\pgf.cf
g
File: pgf.cfg 2020/12/27 v3.1.8b (3.1.8b)
)
Driver file for pgf: pgfsys-pdftex.def

(C:\Users\Acer\AppData\Local\Programs\MiKTeX\tex/generic/pgf/systemlayer\pgfsys
-pdftex.def
File: pgfsys-pdftex.def 2020/12/27 v3.1.8b (3.1.8b)

(C:\Users\Acer\AppData\Local\Programs\MiKTeX\tex/generic/pgf/systemlayer\pgfsys
-common-pdf.def
File: pgfsys-common-pdf.def 2020/12/27 v3.1.8b (3.1.8b)
)))
(C:\Users\Acer\AppData\Local\Programs\MiKTeX\tex/generic/pgf/systemlayer\pgfsys
softpath.code.tex
File: pgfsyssoftpath.code.tex 2020/12/27 v3.1.8b (3.1.8b)
\pgfsyssoftpath@smallbuffer@items=\count367
\pgfsyssoftpath@bigbuffer@items=\count368
)
(C:\Users\Acer\AppData\Local\Programs\MiKTeX\tex/generic/pgf/systemlayer\pgfsys
protocol.code.tex
File: pgfsysprotocol.code.tex 2020/12/27 v3.1.8b (3.1.8b)
))
(C:\Users\Acer\AppData\Local\Programs\MiKTeX\tex/generic/pgf/basiclayer\pgfcore
.code.tex
Package: pgfcore 2020/12/27 v3.1.8b (3.1.8b)

(C:\Users\Acer\AppData\Local\Programs\MiKTeX\tex/generic/pgf/math\pgfmath.code.
tex)
(C:\Users\Acer\AppData\Local\Programs\MiKTeX\tex/generic/pgf/math\pgfint.code.t
ex)
(C:\Users\Acer\AppData\Local\Programs\MiKTeX\tex/generic/pgf/basiclayer\pgfcore
points.code.tex
File: pgfcorepoints.code.tex 2020/12/27 v3.1.8b (3.1.8b)
\pgf@picminx=\dimen328
\pgf@picmaxx=\dimen329
\pgf@picminy=\dimen330
\pgf@picmaxy=\dimen331
\pgf@pathminx=\dimen332
\pgf@pathmaxx=\dimen333
\pgf@pathminy=\dimen334
\pgf@pathmaxy=\dimen335
\pgf@xx=\dimen336
\pgf@xy=\dimen337
\pgf@yx=\dimen338
\pgf@yy=\dimen339
\pgf@zx=\dimen340
\pgf@zy=\dimen341
)
(C:\Users\Acer\AppData\Local\Programs\MiKTeX\tex/generic/pgf/basiclayer\pgfcore
pathconstruct.code.tex
File: pgfcorepathconstruct.code.tex 2020/12/27 v3.1.8b (3.1.8b)
\pgf@path@lastx=\dimen342
\pgf@path@lasty=\dimen343
)
(C:\Users\Acer\AppData\Local\Programs\MiKTeX\tex/generic/pgf/basiclayer\pgfcore
pathusage.code.tex
File: pgfcorepathusage.code.tex 2020/12/27 v3.1.8b (3.1.8b)
\pgf@shorten@end@additional=\dimen344
\pgf@shorten@start@additional=\dimen345
)
(C:\Users\Acer\AppData\Local\Programs\MiKTeX\tex/generic/pgf/basiclayer\pgfcore
scopes.code.tex
File: pgfcorescopes.code.tex 2020/12/27 v3.1.8b (3.1.8b)
\pgfpic=\box115
\pgf@hbox=\box116
\pgf@layerbox@main=\box117
\pgf@picture@serial@count=\count369
)
(C:\Users\Acer\AppData\Local\Programs\MiKTeX\tex/generic/pgf/basiclayer\pgfcore
graphicstate.code.tex
File: pgfcoregraphicstate.code.tex 2020/12/27 v3.1.8b (3.1.8b)
\pgflinewidth=\dimen346
)
(C:\Users\Acer\AppData\Local\Programs\MiKTeX\tex/generic/pgf/basiclayer\pgfcore
transformations.code.tex
File: pgfcoretransformations.code.tex 2020/12/27 v3.1.8b (3.1.8b)
\pgf@pt@x=\dimen347
\pgf@pt@y=\dimen348
\pgf@pt@temp=\dimen349
)
(C:\Users\Acer\AppData\Local\Programs\MiKTeX\tex/generic/pgf/basiclayer\pgfcore
quick.code.tex
File: pgfcorequick.code.tex 2020/12/27 v3.1.8b (3.1.8b)
)
(C:\Users\Acer\AppData\Local\Programs\MiKTeX\tex/generic/pgf/basiclayer\pgfcore
objects.code.tex
File: pgfcoreobjects.code.tex 2020/12/27 v3.1.8b (3.1.8b)
)
(C:\Users\Acer\AppData\Local\Programs\MiKTeX\tex/generic/pgf/basiclayer\pgfcore
pathprocessing.code.tex
File: pgfcorepathprocessing.code.tex 2020/12/27 v3.1.8b (3.1.8b)
)
(C:\Users\Acer\AppData\Local\Programs\MiKTeX\tex/generic/pgf/basiclayer\pgfcore
arrows.code.tex
File: pgfcorearrows.code.tex 2020/12/27 v3.1.8b (3.1.8b)
\pgfarrowsep=\dimen350
)
(C:\Users\Acer\AppData\Local\Programs\MiKTeX\tex/generic/pgf/basiclayer\pgfcore
shade.code.tex
File: pgfcoreshade.code.tex 2020/12/27 v3.1.8b (3.1.8b)
\pgf@max=\dimen351
\pgf@sys@shading@range@num=\count370
\pgf@shadingcount=\count371
)
(C:\Users\Acer\AppData\Local\Programs\MiKTeX\tex/generic/pgf/basiclayer\pgfcore
image.code.tex
File: pgfcoreimage.code.tex 2020/12/27 v3.1.8b (3.1.8b)

(C:\Users\Acer\AppData\Local\Programs\MiKTeX\tex/generic/pgf/basiclayer\pgfcore
external.code.tex
File: pgfcoreexternal.code.tex 2020/12/27 v3.1.8b (3.1.8b)
\pgfexternal@startupbox=\box118
))
(C:\Users\Acer\AppData\Local\Programs\MiKTeX\tex/generic/pgf/basiclayer\pgfcore
layers.code.tex
File: pgfcorelayers.code.tex 2020/12/27 v3.1.8b (3.1.8b)
)
(C:\Users\Acer\AppData\Local\Programs\MiKTeX\tex/generic/pgf/basiclayer\pgfcore
transparency.code.tex
File: pgfcoretransparency.code.tex 2020/12/27 v3.1.8b (3.1.8b)
)
(C:\Users\Acer\AppData\Local\Programs\MiKTeX\tex/generic/pgf/basiclayer\pgfcore
patterns.code.tex
File: pgfcorepatterns.code.tex 2020/12/27 v3.1.8b (3.1.8b)
)
(C:\Users\Acer\AppData\Local\Programs\MiKTeX\tex/generic/pgf/basiclayer\pgfcore
rdf.code.tex
File: pgfcorerdf.code.tex 2020/12/27 v3.1.8b (3.1.8b)
)))
(C:\Users\Acer\AppData\Local\Programs\MiKTeX\tex/generic/pgf/modules\pgfmodules
hapes.code.tex
File: pgfmoduleshapes.code.tex 2020/12/27 v3.1.8b (3.1.8b)
\pgfnodeparttextbox=\box119
)
(C:\Users\Acer\AppData\Local\Programs\MiKTeX\tex/generic/pgf/modules\pgfmodulep
lot.code.tex
File: pgfmoduleplot.code.tex 2020/12/27 v3.1.8b (3.1.8b)
)
(C:\Users\Acer\AppData\Local\Programs\MiKTeX\tex/latex/pgf/compatibility\pgfcom
p-version-0-65.sty
Package: pgfcomp-version-0-65 2020/12/27 v3.1.8b (3.1.8b)
\pgf@nodesepstart=\dimen352
\pgf@nodesepend=\dimen353
)
(C:\Users\Acer\AppData\Local\Programs\MiKTeX\tex/latex/pgf/compatibility\pgfcom
p-version-1-18.sty
Package: pgfcomp-version-1-18 2020/12/27 v3.1.8b (3.1.8b)
))
(C:\Users\Acer\AppData\Local\Programs\MiKTeX\tex/latex/pgf/utilities\pgffor.sty

(C:\Users\Acer\AppData\Local\Programs\MiKTeX\tex/latex/pgf/utilities\pgfkeys.st
y
(C:\Users\Acer\AppData\Local\Programs\MiKTeX\tex/generic/pgf/utilities\pgfkeys.
code.tex))
(C:\Users\Acer\AppData\Local\Programs\MiKTeX\tex/latex/pgf/math\pgfmath.sty
(C:\Users\Acer\AppData\Local\Programs\MiKTeX\tex/generic/pgf/math\pgfmath.code.
tex))
(C:\Users\Acer\AppData\Local\Programs\MiKTeX\tex/generic/pgf/utilities\pgffor.c
ode.tex
Package: pgffor 2020/12/27 v3.1.8b (3.1.8b)

(C:\Users\Acer\AppData\Local\Programs\MiKTeX\tex/generic/pgf/math\pgfmath.code.
tex)
\pgffor@iter=\dimen354
\pgffor@skip=\dimen355
\pgffor@stack=\toks56
\pgffor@toks=\toks57
))
(C:\Users\Acer\AppData\Local\Programs\MiKTeX\tex/generic/pgf/frontendlayer/tikz
\tikz.code.tex
Package: tikz 2020/12/27 v3.1.8b (3.1.8b)

(C:\Users\Acer\AppData\Local\Programs\MiKTeX\tex/generic/pgf/libraries\pgflibra
ryplothandlers.code.tex
File: pgflibraryplothandlers.code.tex 2020/12/27 v3.1.8b (3.1.8b)
\pgf@plot@mark@count=\count372
\pgfplotmarksize=\dimen356
)
\tikz@lastx=\dimen357
\tikz@lasty=\dimen358
\tikz@lastxsaved=\dimen359
\tikz@lastysaved=\dimen360
\tikz@lastmovetox=\dimen361
\tikz@lastmovetoy=\dimen362
\tikzleveldistance=\dimen363
\tikzsiblingdistance=\dimen364
\tikz@figbox=\box120
\tikz@figbox@bg=\box121
\tikz@tempbox=\box122
\tikz@tempbox@bg=\box123
\tikztreelevel=\count373
\tikznumberofchildren=\count374
\tikznumberofcurrentchild=\count375
\tikz@fig@count=\count376

(C:\Users\Acer\AppData\Local\Programs\MiKTeX\tex/generic/pgf/modules\pgfmodulem
atrix.code.tex
File: pgfmodulematrix.code.tex 2020/12/27 v3.1.8b (3.1.8b)
\pgfmatrixcurrentrow=\count377
\pgfmatrixcurrentcolumn=\count378
\pgf@matrix@numberofcolumns=\count379
)
\tikz@expandcount=\count380

(C:\Users\Acer\AppData\Local\Programs\MiKTeX\tex/generic/pgf/frontendlayer/tikz
/libraries\tikzlibrarytopaths.code.tex
File: tikzlibrarytopaths.code.tex 2020/12/27 v3.1.8b (3.1.8b)
)))
(C:\Users\Acer\AppData\Local\Programs\MiKTeX\tex/latex/latex-tools\calc.sty
Package: calc 2017/05/25 v4.3 Infix arithmetic (KKT,FJ)
\calc@Acount=\count381
\calc@Bcount=\count382
\calc@Adimen=\dimen365
\calc@Bdimen=\dimen366
\calc@Askip=\skip87
\calc@Bskip=\skip88
LaTeX Info: Redefining \setlength on input line 80.
LaTeX Info: Redefining \addtolength on input line 81.
\calc@Ccount=\count383
\calc@Cskip=\skip89
)
(C:\Users\Acer\AppData\Local\Programs\MiKTeX\tex/generic/pgf/frontendlayer/tikz
/libraries\tikzlibraryarrows.code.tex
File: tikzlibraryarrows.code.tex 2020/12/27 v3.1.8b (3.1.8b)

(C:\Users\Acer\AppData\Local\Programs\MiKTeX\tex/generic/pgf/libraries\pgflibra
ryarrows.code.tex
File: pgflibraryarrows.code.tex 2020/12/27 v3.1.8b (3.1.8b)
\arrowsize=\dimen367
))
(C:\Users\Acer\AppData\Local\Programs\MiKTeX\tex/generic/pgf/frontendlayer/tikz
/libraries\tikzlibrarypositioning.code.tex
File: tikzlibrarypositioning.code.tex 2020/12/27 v3.1.8b (3.1.8b)
)
(C:\Users\Acer\AppData\Local\Programs\MiKTeX\tex/generic/pgf/frontendlayer/tikz
/libraries\tikzlibraryintersections.code.tex
(C:\Users\Acer\AppData\Local\Programs\MiKTeX\tex/generic/pgf/libraries\pgflibra
ryintersections.code.tex
(C:\Users\Acer\AppData\Local\Programs\MiKTeX\tex/generic/pgf/libraries\pgflibra
ryfpu.code.tex)
\pgf@intersect@solutions=\count384
))
(C:\Users\Acer\AppData\Local\Programs\MiKTeX\tex/generic/pgf/frontendlayer/tikz
/libraries\tikzlibraryshapes.code.tex
File: tikzlibraryshapes.code.tex 2020/12/27 v3.1.8b (3.1.8b)

(C:\Users\Acer\AppData\Local\Programs\MiKTeX\tex/generic/pgf/frontendlayer/tikz
/libraries\tikzlibraryshapes.geometric.code.tex
File: tikzlibraryshapes.geometric.code.tex 2020/12/27 v3.1.8b (3.1.8b)

(C:\Users\Acer\AppData\Local\Programs\MiKTeX\tex/generic/pgf/libraries/shapes\p
gflibraryshapes.geometric.code.tex
File: pgflibraryshapes.geometric.code.tex 2020/12/27 v3.1.8b (3.1.8b)
))
(C:\Users\Acer\AppData\Local\Programs\MiKTeX\tex/generic/pgf/frontendlayer/tikz
/libraries\tikzlibraryshapes.misc.code.tex
File: tikzlibraryshapes.misc.code.tex 2020/12/27 v3.1.8b (3.1.8b)

(C:\Users\Acer\AppData\Local\Programs\MiKTeX\tex/generic/pgf/libraries/shapes\p
gflibraryshapes.misc.code.tex
File: pgflibraryshapes.misc.code.tex 2020/12/27 v3.1.8b (3.1.8b)
))
(C:\Users\Acer\AppData\Local\Programs\MiKTeX\tex/generic/pgf/frontendlayer/tikz
/libraries\tikzlibraryshapes.symbols.code.tex
File: tikzlibraryshapes.symbols.code.tex 2020/12/27 v3.1.8b (3.1.8b)

(C:\Users\Acer\AppData\Local\Programs\MiKTeX\tex/generic/pgf/libraries/shapes\p
gflibraryshapes.symbols.code.tex
File: pgflibraryshapes.symbols.code.tex 2020/12/27 v3.1.8b (3.1.8b)
))
(C:\Users\Acer\AppData\Local\Programs\MiKTeX\tex/generic/pgf/frontendlayer/tikz
/libraries\tikzlibraryshapes.arrows.code.tex
File: tikzlibraryshapes.arrows.code.tex 2020/12/27 v3.1.8b (3.1.8b)

(C:\Users\Acer\AppData\Local\Programs\MiKTeX\tex/generic/pgf/libraries/shapes\p
gflibraryshapes.arrows.code.tex
File: pgflibraryshapes.arrows.code.tex 2020/12/27 v3.1.8b (3.1.8b)
))
(C:\Users\Acer\AppData\Local\Programs\MiKTeX\tex/generic/pgf/frontendlayer/tikz
/libraries\tikzlibraryshapes.callouts.code.tex
(C:\Users\Acer\AppData\Local\Programs\MiKTeX\tex/generic/pgf/libraries/shapes\p
gflibraryshapes.callouts.code.tex))
(C:\Users\Acer\AppData\Local\Programs\MiKTeX\tex/generic/pgf/frontendlayer/tikz
/libraries\tikzlibraryshapes.multipart.code.tex
File: tikzlibraryshapes.multipart.code.tex 2020/12/27 v3.1.8b (3.1.8b)

(C:\Users\Acer\AppData\Local\Programs\MiKTeX\tex/generic/pgf/libraries/shapes\p
gflibraryshapes.multipart.code.tex
File: pgflibraryshapes.multipart.code.tex 2020/12/27 v3.1.8b (3.1.8b)
\pgfnodepartlowerbox=\box124
\pgfnodeparttwobox=\box125
\pgfnodepartthreebox=\box126
\pgfnodepartfourbox=\box127
\pgfnodeparttwentybox=\box128
\pgfnodepartnineteenbox=\box129
\pgfnodeparteighteenbox=\box130
\pgfnodepartseventeenbox=\box131
\pgfnodepartsixteenbox=\box132
\pgfnodepartfifteenbox=\box133
\pgfnodepartfourteenbox=\box134
\pgfnodepartthirteenbox=\box135
\pgfnodeparttwelvebox=\box136
\pgfnodepartelevenbox=\box137
\pgfnodeparttenbox=\box138
\pgfnodepartninebox=\box139
\pgfnodeparteightbox=\box140
\pgfnodepartsevenbox=\box141
\pgfnodepartsixbox=\box142
\pgfnodepartfivebox=\box143
)))
(C:\Users\Acer\AppData\Local\Programs\MiKTeX\tex/generic/pgf/frontendlayer/tikz
/libraries\tikzlibrarycalc.code.tex
File: tikzlibrarycalc.code.tex 2020/12/27 v3.1.8b (3.1.8b)
)
(C:\Users\Acer\AppData\Local\Programs\MiKTeX\tex/generic/pgf/frontendlayer/tikz
/libraries\tikzlibrarymatrix.code.tex
File: tikzlibrarymatrix.code.tex 2020/12/27 v3.1.8b (3.1.8b)
)
(C:\Users\Acer\AppData\Local\Programs\MiKTeX\tex/generic/pgf/frontendlayer/tikz
/libraries\tikzlibraryfit.code.tex
File: tikzlibraryfit.code.tex 2020/12/27 v3.1.8b (3.1.8b)
)) (../tex_formatting/frmt.tex)
(C:\Users\Acer\AppData\Local\Programs\MiKTeX\tex/latex/hyperref\hyperref.sty
Package: hyperref 2020-05-15 v7.00e Hypertext links for LaTeX

(C:\Users\Acer\AppData\Local\Programs\MiKTeX\tex/generic/pdfescape\pdfescape.st
y
Package: pdfescape 2019/12/09 v1.15 Implements pdfTeX's escape features (HO)
) (C:\Users\Acer\AppData\Local\Programs\MiKTeX\tex/latex/hycolor\hycolor.sty
Package: hycolor 2020-01-27 v1.10 Color options for hyperref/bookmark (HO)
)
(C:\Users\Acer\AppData\Local\Programs\MiKTeX\tex/latex/letltxmacro\letltxmacro.
sty
Package: letltxmacro 2019/12/03 v1.6 Let assignment for LaTeX macros (HO)
) (C:\Users\Acer\AppData\Local\Programs\MiKTeX\tex/latex/auxhook\auxhook.sty
Package: auxhook 2019-12-17 v1.6 Hooks for auxiliary files (HO)
)
\@linkdim=\dimen368
\Hy@linkcounter=\count385
\Hy@pagecounter=\count386
 (C:\Users\Acer\AppData\Local\Programs\MiKTeX\tex/latex/hyperref\pd1enc.def
File: pd1enc.def 2020-05-15 v7.00e Hyperref: PDFDocEncoding definition (HO)
Now handling font encoding PD1 ...
... no UTF-8 mapping file for font encoding PD1
)
(C:\Users\Acer\AppData\Local\Programs\MiKTeX\tex/generic/intcalc\intcalc.sty
Package: intcalc 2019/12/15 v1.3 Expandable calculations with integers (HO)
)
(C:\Users\Acer\AppData\Local\Programs\MiKTeX\tex/generic/etexcmds\etexcmds.sty
Package: etexcmds 2019/12/15 v1.7 Avoid name clashes with e-TeX commands (HO)
)
\Hy@SavedSpaceFactor=\count387
Package hyperref Info: Option `bookmarks' set `true' on input line 4338.
Package hyperref Info: Option `colorlinks' set `true' on input line 4338.
Package hyperref Info: Hyper figures OFF on input line 4464.
Package hyperref Info: Link nesting OFF on input line 4469.
Package hyperref Info: Hyper index ON on input line 4472.
Package hyperref Info: Plain pages OFF on input line 4479.
Package hyperref Info: Backreferencing OFF on input line 4484.
Package hyperref Info: Implicit mode ON; LaTeX internals redefined.
Package hyperref Info: Bookmarks ON on input line 4717.
\c@Hy@tempcnt=\count388
(C:\Users\Acer\AppData\Local\Programs\MiKTeX\tex/latex/url\url.sty
\Urlmuskip=\muskip17
Package: url 2013/09/16  ver 3.4  Verb mode for urls, etc.
)
LaTeX Info: Redefining \url on input line 5076.
\XeTeXLinkMargin=\dimen369

(C:\Users\Acer\AppData\Local\Programs\MiKTeX\tex/generic/bitset\bitset.sty
Package: bitset 2019/12/09 v1.3 Handle bit-vector datatype (HO)

(C:\Users\Acer\AppData\Local\Programs\MiKTeX\tex/generic/bigintcalc\bigintcalc.
sty
Package: bigintcalc 2019/12/15 v1.5 Expandable calculations on big integers (HO
)
))
\Fld@menulength=\count389
\Field@Width=\dimen370
\Fld@charsize=\dimen371
Package hyperref Info: Hyper figures OFF on input line 6347.
Package hyperref Info: Link nesting OFF on input line 6352.
Package hyperref Info: Hyper index ON on input line 6355.
Package hyperref Info: backreferencing OFF on input line 6362.
Package hyperref Info: Link coloring ON on input line 6365.
Package hyperref Info: Link coloring with OCG OFF on input line 6372.
Package hyperref Info: PDF/A mode OFF on input line 6377.
LaTeX Info: Redefining \ref on input line 6417.
LaTeX Info: Redefining \pageref on input line 6421.

(C:\Users\Acer\AppData\Local\Programs\MiKTeX\tex/latex/base\atbegshi-ltx.sty
Package: atbegshi-ltx 2020/08/17 v1.0a Emulation of the original atbegshi packa
ge
with kernel methods
)
\Hy@abspage=\count390
\c@Item=\count391
\c@Hfootnote=\count392
)
Package hyperref Info: Driver (autodetected): hpdftex.

(C:\Users\Acer\AppData\Local\Programs\MiKTeX\tex/latex/hyperref\hpdftex.def
File: hpdftex.def 2020-05-15 v7.00e Hyperref driver for pdfTeX

(C:\Users\Acer\AppData\Local\Programs\MiKTeX\tex/latex/base\atveryend-ltx.sty
Package: atveryend-ltx 2020/08/19 v1.0a Emulation of the original atvery packag
e
with kernel methods
)
\Fld@listcount=\count393
\c@bookmark@seq@number=\count394

(C:\Users\Acer\AppData\Local\Programs\MiKTeX\tex/latex/rerunfilecheck\rerunfile
check.sty
Package: rerunfilecheck 2019/12/05 v1.9 Rerun checks for auxiliary files (HO)

(C:\Users\Acer\AppData\Local\Programs\MiKTeX\tex/generic/uniquecounter\uniqueco
unter.sty
Package: uniquecounter 2019/12/15 v1.4 Provide unlimited unique counter (HO)
)
Package uniquecounter Info: New unique counter `rerunfilecheck' on input line 2
86.
)
\Hy@SectionHShift=\skip90
) (report.aux)
\openout1 = `report.aux'.

LaTeX Font Info:    Checking defaults for OML/cmm/m/it on input line 53.
LaTeX Font Info:    ... okay on input line 53.
LaTeX Font Info:    Checking defaults for OMS/cmsy/m/n on input line 53.
LaTeX Font Info:    ... okay on input line 53.
LaTeX Font Info:    Checking defaults for OT1/cmr/m/n on input line 53.
LaTeX Font Info:    ... okay on input line 53.
LaTeX Font Info:    Checking defaults for T1/cmr/m/n on input line 53.
LaTeX Font Info:    ... okay on input line 53.
LaTeX Font Info:    Checking defaults for TS1/cmr/m/n on input line 53.
LaTeX Font Info:    ... okay on input line 53.
LaTeX Font Info:    Checking defaults for OMX/cmex/m/n on input line 53.
LaTeX Font Info:    ... okay on input line 53.
LaTeX Font Info:    Checking defaults for U/cmr/m/n on input line 53.
LaTeX Font Info:    ... okay on input line 53.
LaTeX Font Info:    Checking defaults for PD1/pdf/m/n on input line 53.
LaTeX Font Info:    ... okay on input line 53.
LaTeX Info: Redefining \microtypecontext on input line 53.
Package microtype Info: Generating PDF output.
Package microtype Info: Character protrusion enabled (level 2).
Package microtype Info: Using default protrusion set `alltext'.
Package microtype Info: Automatic font expansion enabled (level 2),
(microtype)             stretch: 20, shrink: 20, step: 1, non-selected.
Package microtype Info: Using default expansion set `alltext-nott'.
LaTeX Info: Redefining \showhyphens on input line 53.
Package microtype Info: No adjustment of tracking.
Package microtype Info: No adjustment of interword spacing.
Package microtype Info: No adjustment of character kerning.

(C:\Users\Acer\AppData\Local\Programs\MiKTeX\tex/latex/microtype\mt-cmr.cfg
File: mt-cmr.cfg 2013/05/19 v2.2 microtype config. file: Computer Modern Roman 
(RS)
)
(C:\Users\Acer\AppData\Local\Programs\MiKTeX\tex/context/base/mkii\supp-pdf.mki
i
[Loading MPS to PDF converter (version 2006.09.02).]
\scratchcounter=\count395
\scratchdimen=\dimen372
\scratchbox=\box144
\nofMPsegments=\count396
\nofMParguments=\count397
\everyMPshowfont=\toks58
\MPscratchCnt=\count398
\MPscratchDim=\dimen373
\MPnumerator=\count399
\makeMPintoPDFobject=\count400
\everyMPtoPDFconversion=\toks59
)
Package lastpage Info: Please have a look at the pageslts package at
(lastpage)             https://www.ctan.org/pkg/pageslts
(lastpage)             ! on input line 53.
Package caption Info: Begin \AtBeginDocument code.
Package caption Info: hyperref package is loaded.
Package caption Info: listings package is loaded.
Package caption Info: End \AtBeginDocument code.

(C:\Users\Acer\AppData\Local\Programs\MiKTeX\tex/latex/siunitx\siunitx-abbrevia
tions.cfg
File: siunitx-abbreviations.cfg 2017/11/26 v2.7k siunitx: Abbreviated units
)
(C:\Users\Acer\AppData\Local\Programs\MiKTeX\tex/latex/translator\translator-ba
sic-dictionary-English.dict
Dictionary: translator-basic-dictionary, Language: English 
)
\c@lstlisting=\count401

*geometry* driver: auto-detecting
*geometry* detected driver: pdftex
*geometry* verbose mode - [ preamble ] result:
* driver: pdftex
* paper: a4paper
* layout: <same size as paper>
* layoutoffset:(h,v)=(0.0pt,0.0pt)
* modes: 
* h-part:(L,W,R)=(71.13188pt, 455.24411pt, 71.13188pt)
* v-part:(T,H,B)=(85.35826pt, 688.5567pt, 71.13188pt)
* \paperwidth=597.50787pt
* \paperheight=845.04684pt
* \textwidth=455.24411pt
* \textheight=688.5567pt
* \oddsidemargin=-1.1381pt
* \evensidemargin=-1.1381pt
* \topmargin=-23.91173pt
* \headheight=12.0pt
* \headsep=25.0pt
* \topskip=11.0pt
* \footskip=30.0pt
* \marginparwidth=50.0pt
* \marginparsep=10.0pt
* \columnsep=10.0pt
* \skip\footins=10.0pt plus 4.0pt minus 2.0pt
* \hoffset=0.0pt
* \voffset=0.0pt
* \mag=1000
* \@twocolumnfalse
* \@twosidefalse
* \@mparswitchfalse
* \@reversemarginfalse
* (1in=72.27pt=25.4mm, 1cm=28.453pt)

Package hyperref Info: Link coloring ON on input line 53.
(C:\Users\Acer\AppData\Local\Programs\MiKTeX\tex/latex/hyperref\nameref.sty
Package: nameref 2019/09/16 v2.46 Cross-referencing by name of section

(C:\Users\Acer\AppData\Local\Programs\MiKTeX\tex/latex/refcount\refcount.sty
Package: refcount 2019/12/15 v3.6 Data extraction from label references (HO)
)
(C:\Users\Acer\AppData\Local\Programs\MiKTeX\tex/generic/gettitlestring\gettitl
estring.sty
Package: gettitlestring 2019/12/15 v1.6 Cleanup title references (HO)
)
\c@section@level=\count402
)
LaTeX Info: Redefining \ref on input line 53.
LaTeX Info: Redefining \pageref on input line 53.
LaTeX Info: Redefining \nameref on input line 53.
 (report.out) (report.out)
\@outlinefile=\write5
\openout5 = `report.out'.

LaTeX Font Info:    Trying to load font information for OT1+lmr on input line 5
3.

(C:\Users\Acer\AppData\Local\Programs\MiKTeX\tex/latex/lm\ot1lmr.fd
File: ot1lmr.fd 2009/10/30 v1.6 Font defs for Latin Modern
)
LaTeX Font Info:    Trying to load font information for OML+lmm on input line 5
3.

(C:\Users\Acer\AppData\Local\Programs\MiKTeX\tex/latex/lm\omllmm.fd
File: omllmm.fd 2009/10/30 v1.6 Font defs for Latin Modern
)
LaTeX Font Info:    Trying to load font information for OMS+lmsy on input line 
53.

(C:\Users\Acer\AppData\Local\Programs\MiKTeX\tex/latex/lm\omslmsy.fd
File: omslmsy.fd 2009/10/30 v1.6 Font defs for Latin Modern
)
LaTeX Font Info:    Trying to load font information for OMX+lmex on input line 
53.

(C:\Users\Acer\AppData\Local\Programs\MiKTeX\tex/latex/lm\omxlmex.fd
File: omxlmex.fd 2009/10/30 v1.6 Font defs for Latin Modern
)
LaTeX Font Info:    External font `lmex10' loaded for size
(Font)              <10.95> on input line 53.
LaTeX Font Info:    External font `lmex10' loaded for size
(Font)              <8> on input line 53.
LaTeX Font Info:    External font `lmex10' loaded for size
(Font)              <6> on input line 53.
LaTeX Font Info:    Trying to load font information for U+msa on input line 53.


(C:\Users\Acer\AppData\Local\Programs\MiKTeX\tex/latex/amsfonts\umsa.fd
File: umsa.fd 2013/01/14 v3.01 AMS symbols A
)
(C:\Users\Acer\AppData\Local\Programs\MiKTeX\tex/latex/microtype\mt-msa.cfg
File: mt-msa.cfg 2006/02/04 v1.1 microtype config. file: AMS symbols (a) (RS)
)
LaTeX Font Info:    Trying to load font information for U+msb on input line 53.


(C:\Users\Acer\AppData\Local\Programs\MiKTeX\tex/latex/amsfonts\umsb.fd
File: umsb.fd 2013/01/14 v3.01 AMS symbols B
)
(C:\Users\Acer\AppData\Local\Programs\MiKTeX\tex/latex/microtype\mt-msb.cfg
File: mt-msb.cfg 2005/06/01 v1.0 microtype config. file: AMS symbols (b) (RS)
)
LaTeX Font Info:    Trying to load font information for OT1+lmss on input line 
53.

(C:\Users\Acer\AppData\Local\Programs\MiKTeX\tex/latex/lm\ot1lmss.fd
File: ot1lmss.fd 2009/10/30 v1.6 Font defs for Latin Modern
)
Package microtype Info: Loading generic protrusion settings for font family
(microtype)             `lmss' (encoding: OT1).
(microtype)             For optimal results, create family-specific settings.
(microtype)             See the microtype manual for details.
LaTeX Font Info:    Trying to load font information for OT1+lmtt on input line 
53.

(C:\Users\Acer\AppData\Local\Programs\MiKTeX\tex/latex/lm\ot1lmtt.fd
File: ot1lmtt.fd 2009/10/30 v1.6 Font defs for Latin Modern
)
Package microtype Info: Loading generic protrusion settings for font family
(microtype)             `lmtt' (encoding: OT1).
(microtype)             For optimal results, create family-specific settings.
(microtype)             See the microtype manual for details.
LaTeX Font Info:    Trying to load font information for TS1+lmr on input line 9
2.

(C:\Users\Acer\AppData\Local\Programs\MiKTeX\tex/latex/lm\ts1lmr.fd
File: ts1lmr.fd 2009/10/30 v1.6 Font defs for Latin Modern
)

Package fancyhdr Warning: \headheight is too small (12.0pt): 
(fancyhdr)                Make it at least 13.59999pt, for example:
(fancyhdr)                \setlength{\headheight}{13.59999pt}.
(fancyhdr)                You might also make \topmargin smaller to compensate:

(fancyhdr)                \addtolength{\topmargin}{-1.59999pt}.

[1
Non-PDF special ignored!
<special> header=pstricks.pro
Non-PDF special ignored!
<special> header=pst-algparser.pro
Non-PDF special ignored!
<special> header=pst-tools.pro
Non-PDF special ignored!
<special> header=pst-dots.pro
Non-PDF special ignored!
<special> header=pst-node.pro
Non-PDF special ignored!
<special> header=psfrag.pro
{C:/Users/Acer/AppData/Local/MiKTeX/pdftex/config/pdftex.map}


Non-PDF special ignored!
<special> ps: /pssetRGBcolor /setrgbcolor load def /pssetCMYKcolor /setcmyk...
Non-PDF special ignored!
<special> ps:tx@Dict begin  gsave STV CP T /ps@rot 0 def grestore  end
Non-PDF special ignored!
<special> ps:tx@Dict begin  gsave STV CP T /ps@refangle 0.  def grestore  e...
Non-PDF special ignored!
<special> ps:tx@Dict begin  gsave STV CP T /ps@rot 0 def grestore  end
]

Package fancyhdr Warning: \headheight is too small (12.0pt): 
(fancyhdr)                Make it at least 13.59999pt, for example:
(fancyhdr)                \setlength{\headheight}{13.59999pt}.
(fancyhdr)                You might also make \topmargin smaller to compensate:

(fancyhdr)                \addtolength{\topmargin}{-1.59999pt}.

[2] 
AED: lastpage setting LastPage

Package fancyhdr Warning: \headheight is too small (12.0pt): 
(fancyhdr)                Make it at least 13.59999pt, for example:
(fancyhdr)                \setlength{\headheight}{13.59999pt}.
(fancyhdr)                You might also make \topmargin smaller to compensate:

(fancyhdr)                \addtolength{\topmargin}{-1.59999pt}.

[3] (report.aux)
Package rerunfilecheck Info: File `report.out' has not changed.
(rerunfilecheck)             Checksum: D41D8CD98F00B204E9800998ECF8427E;0.
 ) 
Here is how much of TeX's memory you used:
 31814 strings out of 479618
 628661 string characters out of 2865502
 998031 words of memory out of 3000000
 48221 multiletter control sequences out of 15000+200000
 472901 words of font info for 118 fonts, out of 3000000 for 9000
 1141 hyphenation exceptions out of 8191
 92i,19n,120p,965b,942s stack positions out of 5000i,500n,10000p,200000b,50000s
{C:/Users/Acer/AppData/Local/Programs/MiKTeX/fonts/enc/dvips/lm/lm-ec.enc}{C:
/Users/Acer/AppData/Local/Programs/MiKTeX/fonts/enc/dvips/lm/lm-ts1.enc}{C:/Use
rs/Acer/AppData/Local/Programs/MiKTeX/fonts/enc/dvips/lm/lm-mathex.enc}{C:/User
s/Acer/AppData/Local/Programs/MiKTeX/fonts/enc/dvips/lm/lm-mathit.enc}{C:/Users
/Acer/AppData/Local/Programs/MiKTeX/fonts/enc/dvips/lm/lm-mathsy.enc}{C:/Users/
Acer/AppData/Local/Programs/MiKTeX/fonts/enc/dvips/lm/lm-rm.enc}<C:/Users/Acer/
AppData/Local/Programs/MiKTeX/fonts/type1/public/lm/lmbx10.pfb><C:/Users/Acer/A
ppData/Local/Programs/MiKTeX/fonts/type1/public/lm/lmbx12.pfb><C:/Users/Acer/Ap
pData/Local/Programs/MiKTeX/fonts/type1/public/lm/lmex10.pfb><C:/Users/Acer/App
Data/Local/Programs/MiKTeX/fonts/type1/public/lm/lmmi10.pfb><C:/Users/Acer/AppD
ata/Local/Programs/MiKTeX/fonts/type1/public/lm/lmmi8.pfb><C:/Users/Acer/AppDat
a/Local/Programs/MiKTeX/fonts/type1/public/lm/lmr10.pfb><C:/Users/Acer/AppData/
Local/Programs/MiKTeX/fonts/type1/public/lm/lmr8.pfb><C:/Users/Acer/AppData/Loc
al/Programs/MiKTeX/fonts/type1/public/lm/lmri10.pfb><C:/Users/Acer/AppData/Loca
l/Programs/MiKTeX/fonts/type1/public/lm/lmsy10.pfb><C:/Users/Acer/AppData/Local
/Programs/MiKTeX/fonts/type1/public/lm/lmsy8.pfb>
Output written on report.pdf (3 pages, 147632 bytes).
PDF statistics:
 80 PDF objects out of 1000 (max. 8388607)
 10 named destinations out of 1000 (max. 500000)
 43021 words of extra memory for PDF output out of 51595 (max. 10000000)

